<?xml version="1.0" encoding="UTF-8"?>
<!-- Generated by org.testng.reporters.JUnitReportReporter -->
<testsuite skipped="0" hostname="LAPTOP-OITPML0G" name="runners.Runner_test" tests="1" failures="0" timestamp="2022-04-28T09:21:33 IST" time="72.932" errors="0">
  <testcase name="runScenario" time="72.932" classname="runners.Runner_test"/>
  <system-out/>
</testsuite> <!-- runners.Runner_test -->
